<?xml version="1.0" encoding="UTF-8"?>
<testng-results ignored="0" total="1" passed="1" failed="0" skipped="0">
  <reporter-output>
  </reporter-output>
  <suite started-at="2024-11-13T00:38:00 IST" name="Default suite" finished-at="2024-11-13T00:38:10 IST" duration-ms="9874">
    <groups>
    </groups>
    <test started-at="2024-11-13T00:38:00 IST" name="Default test" finished-at="2024-11-13T00:38:10 IST" duration-ms="9874">
      <class name="books.TC_DWS_005_Test">
        <test-method is-config="true" signature="reportConfiguration()[pri:0, instance:books.TC_DWS_005_Test@196a42c3]" started-at="2024-11-13T00:37:59 IST" name="reportConfiguration" finished-at="2024-11-13T00:38:00 IST" duration-ms="357" status="PASS">
          <reporter-output>
          </reporter-output>
        </test-method> <!-- reportConfiguration -->
        <test-method is-config="true" signature="launchBrowser(java.lang.String)[pri:0, instance:books.TC_DWS_005_Test@196a42c3]" started-at="2024-11-13T00:38:00 IST" name="launchBrowser" finished-at="2024-11-13T00:38:05 IST" duration-ms="5392" status="PASS">
          <params>
            <param index="0">
              <value>
                <![CDATA[chrome]]>
              </value>
            </param>
          </params>
          <reporter-output>
          </reporter-output>
        </test-method> <!-- launchBrowser -->
        <test-method is-config="true" signature="login()[pri:0, instance:books.TC_DWS_005_Test@196a42c3]" started-at="2024-11-13T00:38:05 IST" name="login" finished-at="2024-11-13T00:38:07 IST" duration-ms="1502" status="PASS">
          <reporter-output>
          </reporter-output>
        </test-method> <!-- login -->
        <test-method signature="clickOnBooks()[pri:0, instance:books.TC_DWS_005_Test@196a42c3]" started-at="2024-11-13T00:38:07 IST" name="clickOnBooks" finished-at="2024-11-13T00:38:08 IST" duration-ms="1701" status="PASS">
          <reporter-output>
          </reporter-output>
        </test-method> <!-- clickOnBooks -->
        <test-method is-config="true" signature="logout()[pri:0, instance:books.TC_DWS_005_Test@196a42c3]" started-at="2024-11-13T00:38:09 IST" name="logout" finished-at="2024-11-13T00:38:09 IST" duration-ms="756" status="PASS">
          <reporter-output>
          </reporter-output>
        </test-method> <!-- logout -->
        <test-method is-config="true" signature="closeBrowser()[pri:0, instance:books.TC_DWS_005_Test@196a42c3]" started-at="2024-11-13T00:38:09 IST" name="closeBrowser" finished-at="2024-11-13T00:38:10 IST" duration-ms="458" status="PASS">
          <reporter-output>
          </reporter-output>
        </test-method> <!-- closeBrowser -->
        <test-method is-config="true" signature="reportBackup()[pri:0, instance:books.TC_DWS_005_Test@196a42c3]" started-at="2024-11-13T00:38:10 IST" name="reportBackup" finished-at="2024-11-13T00:38:10 IST" duration-ms="422" status="PASS">
          <reporter-output>
          </reporter-output>
        </test-method> <!-- reportBackup -->
      </class> <!-- books.TC_DWS_005_Test -->
    </test> <!-- Default test -->
  </suite> <!-- Default suite -->
</testng-results>
