<?xml version="1.0" encoding="UTF-8"?>
<!-- Generated by org.testng.reporters.JUnitXMLReporter -->
<testsuite ignored="4" hostname="DESKTOP-N46G1GJ" failures="0" tests="3" name="Test" time="29.977" errors="0" timestamp="2024-11-11T22:02:42 IST">
  <testcase classname="electronics.TC_DWS_007_Test" name="clickOnElectronics" time="2.186"/>
  <testcase classname="computers.TC_DWS_006_Test" name="clickOnComputers" time="0.978"/>
  <testcase classname="books.TC_DWS_005_Test" name="clickOnBooks" time="1.386"/>
  <testcase classname="genericutilities.BaseClass" name="@AfterSuite reportBackup" time="0.0">
    <ignored/>
  </testcase> <!-- @AfterSuite reportBackup -->
  <testcase classname="genericutilities.BaseClass" name="@BeforeSuite reportConfiguration" time="0.0">
    <ignored/>
  </testcase> <!-- @BeforeSuite reportConfiguration -->
  <testcase classname="genericutilities.BaseClass" name="@AfterSuite reportBackup" time="0.0">
    <ignored/>
  </testcase> <!-- @AfterSuite reportBackup -->
  <testcase classname="genericutilities.BaseClass" name="@BeforeSuite reportConfiguration" time="0.0">
    <ignored/>
  </testcase> <!-- @BeforeSuite reportConfiguration -->
</testsuite> <!-- Test -->
